[debug] [2022-03-04T14:41:03.848Z] ----------------------------------------------------------------------
[debug] [2022-03-04T14:41:03.880Z] Command:       C:\Program Files\nodejs\node.exe C:\Program Files\nodejs\node_modules\firebase-tools\lib\bin\firebase.js deploy --only hosting:gralweb
[debug] [2022-03-04T14:41:03.880Z] CLI Version:   10.2.2
[debug] [2022-03-04T14:41:03.880Z] Platform:      win32
[debug] [2022-03-04T14:41:03.880Z] Node Version:  v16.14.0
[debug] [2022-03-04T14:41:03.895Z] Time:          Fri Mar 04 2022 10:41:03 GMT-0400 (hora de Venezuela)
[debug] [2022-03-04T14:41:03.895Z] ----------------------------------------------------------------------
[debug] 
[debug] [2022-03-04T14:41:04.571Z] > command requires scopes: ["email","openid","https://www.googleapis.com/auth/cloudplatformprojects.readonly","https://www.googleapis.com/auth/firebase","https://www.googleapis.com/auth/cloud-platform"]
[debug] [2022-03-04T14:41:04.571Z] > authorizing via signed-in user (georgealviarez21@gmail.com)
[debug] [2022-03-04T14:41:04.571Z] [iam] checking project host-test-2001 for permissions ["firebase.projects.get","firebasehosting.sites.update"]
[debug] [2022-03-04T14:41:04.587Z] >>> [apiv2][query] POST https://cloudresourcemanager.googleapis.com/v1/projects/host-test-2001:testIamPermissions [none]
[debug] [2022-03-04T14:41:04.587Z] >>> [apiv2][body] POST https://cloudresourcemanager.googleapis.com/v1/projects/host-test-2001:testIamPermissions {"permissions":["firebase.projects.get","firebasehosting.sites.update"]}
[debug] [2022-03-04T14:41:05.818Z] <<< [apiv2][status] POST https://cloudresourcemanager.googleapis.com/v1/projects/host-test-2001:testIamPermissions 200
[debug] [2022-03-04T14:41:05.820Z] <<< [apiv2][body] POST https://cloudresourcemanager.googleapis.com/v1/projects/host-test-2001:testIamPermissions {"permissions":["firebase.projects.get","firebasehosting.sites.update"]}
[debug] [2022-03-04T14:41:05.820Z] >>> [apiv2][query] GET https://firebase.googleapis.com/v1beta1/projects/host-test-2001 [none]
[debug] [2022-03-04T14:41:06.555Z] <<< [apiv2][status] GET https://firebase.googleapis.com/v1beta1/projects/host-test-2001 200
[debug] [2022-03-04T14:41:06.555Z] <<< [apiv2][body] GET https://firebase.googleapis.com/v1beta1/projects/host-test-2001 {"projectId":"host-test-2001","projectNumber":"743134257412","displayName":"host-test-2001","name":"projects/host-test-2001","resources":{"hostingSite":"host-test-2001"},"state":"ACTIVE"}
[info] 
[info] === Deploying to 'host-test-2001'...
[info] 
[info] i  deploying hosting 
[debug] [2022-03-04T14:41:06.585Z] >>> [apiv2][query] GET https://firebase.googleapis.com/v1beta1/projects/host-test-2001 [none]
[debug] [2022-03-04T14:41:08.521Z] <<< [apiv2][status] GET https://firebase.googleapis.com/v1beta1/projects/host-test-2001 200
[debug] [2022-03-04T14:41:08.521Z] <<< [apiv2][body] GET https://firebase.googleapis.com/v1beta1/projects/host-test-2001 {"projectId":"host-test-2001","projectNumber":"743134257412","displayName":"host-test-2001","name":"projects/host-test-2001","resources":{"hostingSite":"host-test-2001"},"state":"ACTIVE"}
[debug] [2022-03-04T14:41:08.543Z] >>> [apiv2][query] POST https://firebasehosting.googleapis.com/v1beta1/projects/743134257412/sites/gralweb/versions [none]
[debug] [2022-03-04T14:41:08.543Z] >>> [apiv2][body] POST https://firebasehosting.googleapis.com/v1beta1/projects/743134257412/sites/gralweb/versions {"config":{"rewrites":[{"glob":"**","path":"/index.html"}]},"labels":{"deployment-tool":"cli-firebase"}}
[debug] [2022-03-04T14:41:12.332Z] <<< [apiv2][status] POST https://firebasehosting.googleapis.com/v1beta1/projects/743134257412/sites/gralweb/versions 200
[debug] [2022-03-04T14:41:12.332Z] <<< [apiv2][body] POST https://firebasehosting.googleapis.com/v1beta1/projects/743134257412/sites/gralweb/versions {"name":"projects/743134257412/sites/gralweb/versions/479544299cc3da3d","status":"CREATED","config":{"rewrites":[{"glob":"**","path":"/index.html"}]},"labels":{"deployment-tool":"cli-firebase"}}
[info] i  hosting[gralweb]: beginning deploy... 
[info] i  hosting[gralweb]: found 42 files in build/ 
[debug] [2022-03-04T14:41:12.816Z] [hosting] hash cache [YnVpbGQ] not populated
[debug] [2022-03-04T14:41:20.491Z] [hosting] hash cache [YnVpbGQ] stored for 42 files
[debug] [2022-03-04T14:41:20.491Z] [hosting][hash queue][FINAL] {"max":7237,"min":5154,"avg":5705.833333333334,"active":0,"complete":42,"success":42,"errored":0,"retried":0,"total":42,"elapsed":7659}
[debug] [2022-03-04T14:41:20.491Z] >>> [apiv2][query] POST https://firebasehosting.googleapis.com/v1beta1/projects/743134257412/sites/gralweb/versions/479544299cc3da3d:populateFiles [none]
[debug] [2022-03-04T14:41:20.491Z] >>> [apiv2][body] POST https://firebasehosting.googleapis.com/v1beta1/projects/743134257412/sites/gralweb/versions/479544299cc3da3d:populateFiles {"files":{"/index.html":"3423aedf2b6b16c74895819d2de78413c828ad2503d158c8417227daaf9a8696","/robots.txt":"bfe106a3fb878dc83461c86818bf74fc1bdc7f28538ba613cd3e775516ce8b49","/manifest.json":"6af728bb3029bd9ba6c98105d6fc3cbcb38c0128b9dcef72d26ee1438874b2f2","/asset-manifest.json":"a42c9c35aa31eaf3a9637b18a163c4bf788ba4dfd9f781670e0847d645fa1f2b","/logo/pwa/claro/16x16.png":"748bbc7fdb299733f57e1cdcd91a60cb7076c19051418b0cbea6ebe2cb43dd9a","/logo/gral_oscuro.png":"992644f282a9b1b737693faa0b0cfaa6f687e3f34ece6e2f63436fc326643f4c","/logo/pwa/claro/24x24.png":"45c964c4a2c2133b7a56de4da6a791a57792a5807994e6d914e7f5ac79e6707f","/logo/pwa/claro/32x32.png":"ba016e2109430c359d6c98f51d3662dd9f1507b5def55081d7399ed104f7d391","/logo/pwa/claro/192x192.png":"9367c6f20134c7a1b11bb5c2260dcc414bce7b35b55df9e78922523c27c062d4","/logo/pwa/oscuro/192x192.png":"46875696a2908381a3e93dc7b3dc48733500925ef5d26e5b65328a69059a758f","/logo/gral_claro.png":"00e640266076acdcbfff4a0f71d326e63b827edbe2c0776e1c2e823fea0374b7","/static/js/main.c33c016c.js.LICENSE.txt":"ff6e1e979db9369a9f7416a242049ffecf6a913bd1a6c3b5da956e28224606d9","/logo/pwa/claro/64x64.png":"bfd1a99094c2b950188075e062d62dcaff0f77edc429670777db5aee0d7aa5d8","/assets/14.jpg":"30f172f221d53b684e3d1b2917bc9daa723bad451a36e74d9bf9dbe4e61a16ae","/assets/15.jpg":"5cdf40762e0a1bb87c00ab6747e48f5caa9738c6f9d5024eaf7f543d0234d260","/logo/pwa/oscuro/512x512.png":"41277d93f565a407a99ea6c19c6d1f6e3c25c4e058b2087f05f69bd01baafedc","/assets/17.jpg":"7800ceae7e4d576dd26fa5897aaa4fa1bc86c0779c6fd4c8ed04ebb1882ea2e3","/assets/16.jpg":"1b32a11284c5690916f96bb760080be701a5c6936345990e42b592494d14e231","/assets/7.jpg":"ddf7a7971b32ec81eaca5bda0af9bb0c7e3e84819a31f22c03e4ab1b54a44848","/logo/pwa/claro/512x512.png":"602e1e86cde97486b4e76fa6c4823233d1c79327d2e70d3cca9a48f337a23fc8","/static/media/Urbanist-Regular.b8076d23a2e8ff4505f7.ttf":"aedeb62049d8c5f92282eef0b90457599c809cd78330f69b2e91e8b0544ff130","/assets/6.jpg":"2221b339a9c740c9abad3e500ef8919d8960fad58517d00a5fb375df1976c187","/serviceWorker.js":"16b3daff5cc4d48476a155e6a9448e8057c59578f1421e74724ffb829b3ed927","/static/css/main.9147f8f5.css":"44162ac8c0c78eb1c7689b04b5f211d9200273d554d1d125fc3a97fe5e97742e","/static/css/main.9147f8f5.css.map":"cf88f574e807b6aa5b44fe6780ba332cfb9bedba22ffbedabca188713dc60970","/logo/face.jpg":"1eeb2f495ef384228bca75e9199e54f6da54dd81aa5ca427dcd2f88b4a31ecac","/assets/8.jpg":"fa88aea8e1252d1d8b8e330936c22d1129a6a53e7df469796f41aea36da9058c","/static/js/main.c33c016c.js":"6a3f14da95ec95b40466b57771265f2e148c41197b6ade110f9b721b929d6507","/assets/13.jpg":"80191946692851987a3295a69c10a85b50353eac349f4e424f20be8a988de23d","/static/media/Rubik-Regular.da39336cfcac7980f2f1.ttf":"fe754161a58199e0bdc6eda92607f81b7b6a40707e7787774c6bd2af1ee4e34c","/static/media/Poppins-Regular.8081832fc5cfbf634aa6.ttf":"7b4029b25091554f660ffde5f789f7d5045c61dd187700e28d01c18e3977ae39","/assets/18.jpg":"08bc82edc922140cf826d7a9d3c9df8c3b73325671f3475aafeabfd01292d900","/assets/21.jpg":"10efb560aeba36ba0507d5fc7e95f0ac9d15f83fa615dd5bc369a35cf2d909ac","/assets/9.jpg":"47ca67587dc2431b7375258a5c74b266f53c2fa93c1c8fb5ef90f504a977f088","/assets/19.jpg":"534f2cff6768bb122ef330760e03ab4edd5a897b86384102b3fee9aaaa4b9fe1","/assets/20.jpg":"80fae5906cea66ab81a456841cfc64bf57e716bbfe5ac3bc5b4b1b7d5cf48c78","/assets/10.jpg":"476c04e284be8e622504d914c4db26e31f3ae79bb58f0a6ee54c24a524b49291","/assets/12.jpg":"7dc8945b837031b21eba6106bd7cc952f8da36c1f65491f4893d89b4b0c83253","/assets/11.jpg":"dcd6dcf82380ffb662dc1ce2076d4ba8185be9dab849f756bd2ac7ac09d93af1","/static/js/main.c33c016c.js.map":"77dc939f911d3db6d75f852d6397c47208a285863273c50b4c45694f827c6541","/static/media/icofont.9c33516aab48c61e3081.woff2":"0e02afc8822878d782cc1277acedabe9282868a0538defbd23d550bf9a17ba4e","/static/media/icofont.dad3accba068281878f1.woff":"2f648e6822b1a2a48cf601f1ab08f844e0a6a6b141fe317f3792e8f9d523c407"}}
[debug] [2022-03-04T14:41:23.110Z] <<< [apiv2][status] POST https://firebasehosting.googleapis.com/v1beta1/projects/743134257412/sites/gralweb/versions/479544299cc3da3d:populateFiles 200
[debug] [2022-03-04T14:41:23.110Z] <<< [apiv2][body] POST https://firebasehosting.googleapis.com/v1beta1/projects/743134257412/sites/gralweb/versions/479544299cc3da3d:populateFiles {"uploadUrl":"https://upload-firebasehosting.googleapis.com/upload/sites/gralweb/versions/479544299cc3da3d/files"}
[debug] [2022-03-04T14:41:23.110Z] [hosting][populate queue][FINAL] {"max":2677,"min":2677,"avg":2677,"active":0,"complete":1,"success":1,"errored":0,"retried":0,"total":1,"elapsed":2677}
[debug] [2022-03-04T14:41:23.110Z] [hosting] uploads queued: 0
[debug] [2022-03-04T14:41:23.110Z] [hosting][upload queue][FINAL] {"max":0,"min":9999999999,"avg":0,"active":0,"complete":0,"success":0,"errored":0,"retried":0,"total":0,"elapsed":1646404883110}
[info] +  hosting[gralweb]: file upload complete 
[debug] [2022-03-04T14:41:23.146Z] [hosting] deploy completed after 10808ms
[debug] [2022-03-04T14:41:23.200Z] [
  {
    "config": {
      "site": "gralweb",
      "public": "build/",
      "ignore": [
        "firebase.json",
        "**/.*",
        "**/node_modules/**"
      ],
      "rewrites": [
        {
          "source": "**",
          "destination": "/index.html"
        }
      ]
    },
    "site": "gralweb",
    "version": "projects/743134257412/sites/gralweb/versions/479544299cc3da3d"
  }
]
[info] i  hosting[gralweb]: finalizing version... 
[debug] [2022-03-04T14:41:23.200Z] >>> [apiv2][query] PATCH https://firebasehosting.googleapis.com/v1beta1/projects/743134257412/sites/gralweb/versions/479544299cc3da3d updateMask=status
[debug] [2022-03-04T14:41:23.200Z] >>> [apiv2][body] PATCH https://firebasehosting.googleapis.com/v1beta1/projects/743134257412/sites/gralweb/versions/479544299cc3da3d {"status":"FINALIZED"}
[debug] [2022-03-04T14:41:25.018Z] <<< [apiv2][status] PATCH https://firebasehosting.googleapis.com/v1beta1/projects/743134257412/sites/gralweb/versions/479544299cc3da3d 200
[debug] [2022-03-04T14:41:25.018Z] <<< [apiv2][body] PATCH https://firebasehosting.googleapis.com/v1beta1/projects/743134257412/sites/gralweb/versions/479544299cc3da3d {"name":"projects/743134257412/sites/gralweb/versions/479544299cc3da3d","status":"FINALIZED","config":{"rewrites":[{"glob":"**","path":"/index.html"}]},"labels":{"deployment-tool":"cli-firebase"},"createTime":"2022-03-04T14:41:10.370382Z","createUser":{"email":"georgealviarez21@gmail.com"},"finalizeTime":"2022-03-04T14:41:25.781718Z","finalizeUser":{"email":"georgealviarez21@gmail.com"}}
[debug] [2022-03-04T14:41:25.034Z] [hosting] finalized version for gralweb:[object Object]
[info] +  hosting[gralweb]: version finalized 
[info] i  hosting[gralweb]: releasing new version... 
[debug] [2022-03-04T14:41:25.034Z] >>> [apiv2][query] POST https://firebasehosting.googleapis.com/v1beta1/projects/743134257412/sites/gralweb/releases versionName=projects%2F743134257412%2Fsites%2Fgralweb%2Fversions%2F479544299cc3da3d
[debug] [2022-03-04T14:41:25.034Z] >>> [apiv2][body] POST https://firebasehosting.googleapis.com/v1beta1/projects/743134257412/sites/gralweb/releases {"message":null}
[debug] [2022-03-04T14:41:27.269Z] <<< [apiv2][status] POST https://firebasehosting.googleapis.com/v1beta1/projects/743134257412/sites/gralweb/releases 200
[debug] [2022-03-04T14:41:27.269Z] <<< [apiv2][body] POST https://firebasehosting.googleapis.com/v1beta1/projects/743134257412/sites/gralweb/releases {"name":"projects/743134257412/sites/gralweb/releases/1646404887307980","version":{"name":"projects/743134257412/sites/gralweb/versions/479544299cc3da3d","status":"FINALIZED","config":{"rewrites":[{"glob":"**","path":"/index.html"}]},"labels":{"deployment-tool":"cli-firebase"},"createTime":"2022-03-04T14:41:10.370382Z","createUser":{"email":"georgealviarez21@gmail.com","imageUrl":"https://lh3.googleusercontent.com/a-/AOh14GgeyV1Vo7tmC-FaD4Av9GY6oaBUPdfkG3XP27LcSg"},"finalizeTime":"2022-03-04T14:41:25.781718Z","finalizeUser":{"email":"georgealviarez21@gmail.com","imageUrl":"https://lh3.googleusercontent.com/a-/AOh14GgeyV1Vo7tmC-FaD4Av9GY6oaBUPdfkG3XP27LcSg"}},"type":"DEPLOY","releaseTime":"2022-03-04T14:41:27.307980456Z","releaseUser":{"email":"georgealviarez21@gmail.com","imageUrl":"https://lh3.googleusercontent.com/a-/AOh14GgeyV1Vo7tmC-FaD4Av9GY6oaBUPdfkG3XP27LcSg"}}
[debug] [2022-03-04T14:41:27.269Z] [hosting] release: {"name":"projects/743134257412/sites/gralweb/releases/1646404887307980","version":{"name":"projects/743134257412/sites/gralweb/versions/479544299cc3da3d","status":"FINALIZED","config":{"rewrites":[{"glob":"**","path":"/index.html"}]},"labels":{"deployment-tool":"cli-firebase"},"createTime":"2022-03-04T14:41:10.370382Z","createUser":{"email":"georgealviarez21@gmail.com","imageUrl":"https://lh3.googleusercontent.com/a-/AOh14GgeyV1Vo7tmC-FaD4Av9GY6oaBUPdfkG3XP27LcSg"},"finalizeTime":"2022-03-04T14:41:25.781718Z","finalizeUser":{"email":"georgealviarez21@gmail.com","imageUrl":"https://lh3.googleusercontent.com/a-/AOh14GgeyV1Vo7tmC-FaD4Av9GY6oaBUPdfkG3XP27LcSg"}},"type":"DEPLOY","releaseTime":"2022-03-04T14:41:27.307980456Z","releaseUser":{"email":"georgealviarez21@gmail.com","imageUrl":"https://lh3.googleusercontent.com/a-/AOh14GgeyV1Vo7tmC-FaD4Av9GY6oaBUPdfkG3XP27LcSg"}}
[info] +  hosting[gralweb]: release complete 
[info] 
[info] +  Deploy complete! 
[info] 
[info] Project Console: https://console.firebase.google.com/project/host-test-2001/overview
[info] Hosting URL: https://gralweb.web.app
